[debug] [2023-02-14T17:33:06.559Z] ----------------------------------------------------------------------
[debug] [2023-02-14T17:33:06.561Z] Command:       /home/nitesh/.nvm/versions/node/v18.12.1/bin/node /home/nitesh/.nvm/versions/node/v18.12.1/bin/firebase init
[debug] [2023-02-14T17:33:06.562Z] CLI Version:   11.16.1
[debug] [2023-02-14T17:33:06.562Z] Platform:      linux
[debug] [2023-02-14T17:33:06.562Z] Node Version:  v18.12.1
[debug] [2023-02-14T17:33:06.573Z] Time:          Tue Feb 14 2023 23:03:06 GMT+0530 (India Standard Time)
[debug] [2023-02-14T17:33:06.573Z] ----------------------------------------------------------------------
[debug] 
[debug] [2023-02-14T17:33:06.578Z] >>> [apiv2][query] GET https://firebase-public.firebaseio.com/cli.json [none]
[debug] [2023-02-14T17:33:06.622Z] > command requires scopes: ["email","openid","https://www.googleapis.com/auth/cloudplatformprojects.readonly","https://www.googleapis.com/auth/firebase","https://www.googleapis.com/auth/cloud-platform"]
[debug] [2023-02-14T17:33:06.622Z] > authorizing via signed-in user (niteshsahni11371@gmail.com)
[info] 
     ######## #### ########  ######## ########     ###     ######  ########
     ##        ##  ##     ## ##       ##     ##  ##   ##  ##       ##
     ######    ##  ########  ######   ########  #########  ######  ######
     ##        ##  ##    ##  ##       ##     ## ##     ##       ## ##
     ##       #### ##     ## ######## ########  ##     ##  ######  ########

You're about to initialize a Firebase project in this directory:

  /media/nitesh/important data/.Personal Projects/Decoration Website/event07/event07

Before we get started, keep in mind:

  * You are currently outside your home directory

[debug] [2023-02-14T17:33:12.557Z] <<< [apiv2][status] GET https://firebase-public.firebaseio.com/cli.json 200
[debug] [2023-02-14T17:33:12.558Z] <<< [apiv2][body] GET https://firebase-public.firebaseio.com/cli.json {"cloudBuildErrorAfter":1594252800000,"cloudBuildWarnAfter":1590019200000,"defaultNode10After":1594252800000,"minVersion":"3.0.5","node8DeploysDisabledAfter":1613390400000,"node8RuntimeDisabledAfter":1615809600000,"node8WarnAfter":1600128000000}
[info] 
=== Project Setup
[info] 
[info] First, let's associate this project directory with a Firebase project.
[info] You can create multiple project aliases by running firebase use --add, 
[info] but for now we'll just set up a default project.
[info] 
[info] i  If you want to create a project in a Google Cloud organization or folder, please use "firebase projects:create" instead, and return to this command when you've created the project. 
[debug] [2023-02-14T17:34:53.483Z] > refreshing access token with scopes: []
[debug] [2023-02-14T17:34:53.486Z] >>> [apiv2][query] POST https://www.googleapis.com/oauth2/v3/token [none]
[debug] [2023-02-14T17:34:53.486Z] >>> [apiv2][body] POST https://www.googleapis.com/oauth2/v3/token [omitted]
